<?xml version="1.0" encoding="UTF-8"?>
<coverage generated="1480354931522" clover="3.2.0">
  <project timestamp="1480354931523" name="All files">
    <metrics statements="23" coveredstatements="23" conditionals="19" coveredconditionals="19" methods="7" coveredmethods="7" elements="49" coveredelements="49" complexity="0" loc="23" ncloc="23" packages="4" files="5" classes="5">
      <package name="src">
        <metrics statements="0" coveredstatements="0" conditionals="0" coveredconditionals="0" methods="0" coveredmethods="0"/>
        <file name="index.js" path="/Users/bruno/webdev/react-sass-material-ui/src/index.js">
          <metrics statements="0" coveredstatements="0" conditionals="0" coveredconditionals="0" methods="0" coveredmethods="0"/>
        </file>
      </package>
      <package name="src.Button">
        <metrics statements="6" coveredstatements="6" conditionals="15" coveredconditionals="15" methods="2" coveredmethods="2"/>
        <file name="index.js" path="/Users/bruno/webdev/react-sass-material-ui/src/Button/index.js">
          <metrics statements="6" coveredstatements="6" conditionals="15" coveredconditionals="15" methods="2" coveredmethods="2"/>
          <line num="11" count="2" type="stmt"/>
          <line num="16" count="2" type="stmt"/>
          <line num="18" count="2" type="stmt"/>
          <line num="29" count="5" type="stmt"/>
          <line num="31" count="5" type="stmt"/>
          <line num="46" count="3" type="stmt"/>
        </file>
      </package>
      <package name="src.Ripple">
        <metrics statements="16" coveredstatements="16" conditionals="4" coveredconditionals="4" methods="4" coveredmethods="4"/>
        <file name="index.js" path="/Users/bruno/webdev/react-sass-material-ui/src/Ripple/index.js">
          <metrics statements="16" coveredstatements="16" conditionals="4" coveredconditionals="4" methods="4" coveredmethods="4"/>
          <line num="13" count="4" type="stmt"/>
          <line num="14" count="4" type="stmt"/>
          <line num="15" count="1" type="stmt"/>
          <line num="16" count="1" type="stmt"/>
          <line num="18" count="3" type="stmt"/>
          <line num="22" count="4" type="stmt"/>
          <line num="23" count="4" type="stmt"/>
          <line num="25" count="4" type="stmt"/>
          <line num="27" count="4" type="stmt"/>
          <line num="28" count="4" type="stmt"/>
          <line num="30" count="4" type="stmt"/>
          <line num="31" count="4" type="stmt"/>
          <line num="33" count="4" type="stmt"/>
          <line num="43" count="8" type="stmt"/>
          <line num="44" count="8" type="stmt"/>
          <line num="54" count="3" type="stmt"/>
        </file>
      </package>
      <package name="src.SvgIcon">
        <metrics statements="1" coveredstatements="1" conditionals="0" coveredconditionals="0" methods="1" coveredmethods="1"/>
        <file name="iconPaths.js" path="/Users/bruno/webdev/react-sass-material-ui/src/SvgIcon/iconPaths.js">
          <metrics statements="0" coveredstatements="0" conditionals="0" coveredconditionals="0" methods="0" coveredmethods="0"/>
        </file>
        <file name="index.js" path="/Users/bruno/webdev/react-sass-material-ui/src/SvgIcon/index.js">
          <metrics statements="1" coveredstatements="1" conditionals="0" coveredconditionals="0" methods="1" coveredmethods="1"/>
          <line num="5" count="4" type="stmt"/>
        </file>
      </package>
    </metrics>
  </project>
</coverage>
