{"/Users/bruno/webdev/react-sass-material-ui/src/index.js": {"path":"/Users/bruno/webdev/react-sass-material-ui/src/index.js","statementMap":{},"fnMap":{},"branchMap":{},"s":{},"f":{},"b":{},"_coverageSchema":"332fd63041d2c1bcb487cc26dd0d5f7d97098a6c","hash":"402aedf4c5c57e64c3c5e4f7f51951f86776f3f2"}
,"/Users/bruno/webdev/react-sass-material-ui/src/Button/index.js": {"path":"/Users/bruno/webdev/react-sass-material-ui/src/Button/index.js","statementMap":{"0":{"start":{"line":11,"column":22},"end":{"line":14,"column":5}},"1":{"start":{"line":16,"column":4},"end":{"line":16,"column":33}},"2":{"start":{"line":18,"column":4},"end":{"line":18,"column":72}},"3":{"start":{"line":18,"column":50},"end":{"line":18,"column":72}},"4":{"start":{"line":29,"column":16},"end":{"line":29,"column":26}},"5":{"start":{"line":31,"column":4},"end":{"line":42,"column":6}},"6":{"start":{"line":46,"column":0},"end":{"line":55,"column":2}}},"fnMap":{"0":{"name":"(anonymous_0)","decl":{"start":{"line":10,"column":16},"end":{"line":10,"column":17}},"loc":{"start":{"line":10,"column":23},"end":{"line":19,"column":3}}},"1":{"name":"(anonymous_1)","decl":{"start":{"line":21,"column":2},"end":{"line":21,"column":3}},"loc":{"start":{"line":21,"column":11},"end":{"line":43,"column":3}}}},"branchMap":{"0":{"loc":{"start":{"line":18,"column":4},"end":{"line":18,"column":72}},"type":"if","locations":[{"start":{"line":18,"column":4},"end":{"line":18,"column":72}},{"start":{"line":18,"column":4},"end":{"line":18,"column":72}}]},"1":{"loc":{"start":{"line":23,"column":6},"end":{"line":23,"column":21}},"type":"default-arg","locations":[{"start":{"line":23,"column":13},"end":{"line":23,"column":21}}]},"2":{"loc":{"start":{"line":24,"column":6},"end":{"line":24,"column":16}},"type":"default-arg","locations":[{"start":{"line":24,"column":13},"end":{"line":24,"column":16}}]},"3":{"loc":{"start":{"line":25,"column":6},"end":{"line":25,"column":21}},"type":"default-arg","locations":[{"start":{"line":25,"column":13},"end":{"line":25,"column":21}}]},"4":{"loc":{"start":{"line":26,"column":6},"end":{"line":26,"column":19}},"type":"default-arg","locations":[{"start":{"line":26,"column":13},"end":{"line":26,"column":19}}]},"5":{"loc":{"start":{"line":27,"column":6},"end":{"line":27,"column":23}},"type":"default-arg","locations":[{"start":{"line":27,"column":14},"end":{"line":27,"column":23}}]},"6":{"loc":{"start":{"line":38,"column":9},"end":{"line":38,"column":59}},"type":"cond-expr","locations":[{"start":{"line":38,"column":48},"end":{"line":38,"column":52}},{"start":{"line":38,"column":55},"end":{"line":38,"column":59}}]},"7":{"loc":{"start":{"line":38,"column":9},"end":{"line":38,"column":45}},"type":"binary-expr","locations":[{"start":{"line":38,"column":9},"end":{"line":38,"column":24}},{"start":{"line":38,"column":28},"end":{"line":38,"column":45}}]},"8":{"loc":{"start":{"line":39,"column":9},"end":{"line":39,"column":75}},"type":"cond-expr","locations":[{"start":{"line":39,"column":45},"end":{"line":39,"column":68}},{"start":{"line":39,"column":71},"end":{"line":39,"column":75}}]},"9":{"loc":{"start":{"line":39,"column":9},"end":{"line":39,"column":42}},"type":"binary-expr","locations":[{"start":{"line":39,"column":9},"end":{"line":39,"column":24}},{"start":{"line":39,"column":28},"end":{"line":39,"column":42}}]}},"s":{"0":2,"1":2,"2":2,"3":1,"4":5,"5":5,"6":3},"f":{"0":2,"1":5},"b":{"0":[1,1],"1":[5],"2":[5],"3":[3],"4":[3],"5":[5],"6":[3,2],"7":[5,5],"8":[2,3],"9":[5,3]},"_coverageSchema":"332fd63041d2c1bcb487cc26dd0d5f7d97098a6c","hash":"d1e281461f72d18511a526e6aead92341f54903b"}
,"/Users/bruno/webdev/react-sass-material-ui/src/Ripple/index.js": {"path":"/Users/bruno/webdev/react-sass-material-ui/src/Ripple/index.js","statementMap":{"0":{"start":{"line":13,"column":22},"end":{"line":13,"column":41}},"1":{"start":{"line":14,"column":4},"end":{"line":18,"column":36}},"2":{"start":{"line":15,"column":6},"end":{"line":17,"column":9}},"3":{"start":{"line":16,"column":8},"end":{"line":16,"column":33}},"4":{"start":{"line":18,"column":11},"end":{"line":18,"column":36}},"5":{"start":{"line":22,"column":26},"end":{"line":22,"column":42}},"6":{"start":{"line":23,"column":19},"end":{"line":23,"column":46}},"7":{"start":{"line":25,"column":22},"end":{"line":25,"column":52}},"8":{"start":{"line":27,"column":24},"end":{"line":27,"column":42}},"9":{"start":{"line":28,"column":25},"end":{"line":28,"column":44}},"10":{"start":{"line":30,"column":21},"end":{"line":30,"column":56}},"11":{"start":{"line":31,"column":19},"end":{"line":31,"column":31}},"12":{"start":{"line":33,"column":4},"end":{"line":39,"column":7}},"13":{"start":{"line":43,"column":41},"end":{"line":43,"column":51}},"14":{"start":{"line":44,"column":4},"end":{"line":50,"column":6}},"15":{"start":{"line":54,"column":0},"end":{"line":56,"column":2}}},"fnMap":{"0":{"name":"(anonymous_0)","decl":{"start":{"line":12,"column":2},"end":{"line":12,"column":3}},"loc":{"start":{"line":12,"column":39},"end":{"line":19,"column":3}}},"1":{"name":"(anonymous_1)","decl":{"start":{"line":15,"column":40},"end":{"line":15,"column":41}},"loc":{"start":{"line":15,"column":46},"end":{"line":17,"column":7}}},"2":{"name":"(anonymous_2)","decl":{"start":{"line":21,"column":2},"end":{"line":21,"column":3}},"loc":{"start":{"line":21,"column":22},"end":{"line":40,"column":3}}},"3":{"name":"(anonymous_3)","decl":{"start":{"line":42,"column":2},"end":{"line":42,"column":3}},"loc":{"start":{"line":42,"column":11},"end":{"line":51,"column":3}}}},"branchMap":{"0":{"loc":{"start":{"line":14,"column":4},"end":{"line":18,"column":36}},"type":"if","locations":[{"start":{"line":14,"column":4},"end":{"line":18,"column":36}},{"start":{"line":14,"column":4},"end":{"line":18,"column":36}}]},"1":{"loc":{"start":{"line":46,"column":30},"end":{"line":46,"column":77}},"type":"cond-expr","locations":[{"start":{"line":46,"column":51},"end":{"line":46,"column":72}},{"start":{"line":46,"column":75},"end":{"line":46,"column":77}}]}},"s":{"0":4,"1":4,"2":1,"3":1,"4":3,"5":4,"6":4,"7":4,"8":4,"9":4,"10":4,"11":4,"12":4,"13":8,"14":8,"15":3},"f":{"0":4,"1":1,"2":4,"3":8},"b":{"0":[1,3],"1":[4,4]},"_coverageSchema":"332fd63041d2c1bcb487cc26dd0d5f7d97098a6c","hash":"f9bd3944d8c8467efc6c9d68355b71532279eb76"}
,"/Users/bruno/webdev/react-sass-material-ui/src/SvgIcon/iconPaths.js": {"path":"/Users/bruno/webdev/react-sass-material-ui/src/SvgIcon/iconPaths.js","statementMap":{},"fnMap":{},"branchMap":{},"s":{},"f":{},"b":{},"_coverageSchema":"332fd63041d2c1bcb487cc26dd0d5f7d97098a6c","hash":"97de47f5cc5f827318f328156a651de18b7b6cf0"}
,"/Users/bruno/webdev/react-sass-material-ui/src/SvgIcon/index.js": {"path":"/Users/bruno/webdev/react-sass-material-ui/src/SvgIcon/index.js","statementMap":{"0":{"start":{"line":5,"column":2},"end":{"line":7,"column":8}}},"fnMap":{"0":{"name":"(anonymous_0)","decl":{"start":{"line":4,"column":15},"end":{"line":4,"column":16}},"loc":{"start":{"line":5,"column":2},"end":{"line":7,"column":8}}}},"branchMap":{},"s":{"0":4},"f":{"0":4},"b":{},"_coverageSchema":"332fd63041d2c1bcb487cc26dd0d5f7d97098a6c","hash":"9fb801eb11e6155cb7bbb58961fbce362016e8b9"}
}
