TN:
SF:/Users/bruno/webdev/react-sass-material-ui/src/index.js
FNF:0
FNH:0
LF:0
LH:0
BRF:0
BRH:0
end_of_record
TN:
SF:/Users/bruno/webdev/react-sass-material-ui/src/Button/index.js
FN:10,(anonymous_0)
FN:21,(anonymous_1)
FNF:2
FNH:2
FNDA:2,(anonymous_0)
FNDA:5,(anonymous_1)
DA:11,2
DA:16,2
DA:18,2
DA:29,5
DA:31,5
DA:46,3
LF:6
LH:6
BRDA:18,0,0,1
BRDA:18,0,1,1
BRDA:23,1,0,5
BRDA:24,2,0,5
BRDA:25,3,0,3
BRDA:26,4,0,3
BRDA:27,5,0,5
BRDA:38,6,0,3
BRDA:38,6,1,2
BRDA:38,7,0,5
BRDA:38,7,1,5
BRDA:39,8,0,2
BRDA:39,8,1,3
BRDA:39,9,0,5
BRDA:39,9,1,3
BRF:15
BRH:15
end_of_record
TN:
SF:/Users/bruno/webdev/react-sass-material-ui/src/Ripple/index.js
FN:12,(anonymous_0)
FN:15,(anonymous_1)
FN:21,(anonymous_2)
FN:42,(anonymous_3)
FNF:4
FNH:4
FNDA:4,(anonymous_0)
FNDA:1,(anonymous_1)
FNDA:4,(anonymous_2)
FNDA:8,(anonymous_3)
DA:13,4
DA:14,4
DA:15,1
DA:16,1
DA:18,3
DA:22,4
DA:23,4
DA:25,4
DA:27,4
DA:28,4
DA:30,4
DA:31,4
DA:33,4
DA:43,8
DA:44,8
DA:54,3
LF:16
LH:16
BRDA:14,0,0,1
BRDA:14,0,1,3
BRDA:46,1,0,4
BRDA:46,1,1,4
BRF:4
BRH:4
end_of_record
TN:
SF:/Users/bruno/webdev/react-sass-material-ui/src/SvgIcon/iconPaths.js
FNF:0
FNH:0
LF:0
LH:0
BRF:0
BRH:0
end_of_record
TN:
SF:/Users/bruno/webdev/react-sass-material-ui/src/SvgIcon/index.js
FN:4,(anonymous_0)
FNF:1
FNH:1
FNDA:4,(anonymous_0)
DA:5,4
LF:1
LH:1
BRF:0
BRH:0
end_of_record
